生成启动时间为 2015/11/22 星期日 16:46:01。
     1>项目“D:\Homework\Cocos\Cocos\ClickArrow\FingerGame\proj.win32\FingerGame.vcxproj”在节点 2 上(Build 个目标)。
     1>ClCompile:
         S:\Microsoft Visual Studio 12.0\VC\bin\CL.exe /c /I"C:\Cocos\frameworks\cocos2d-x-3.8\cocos\audio\include" /I"C:\Cocos\frameworks\cocos2d-x-3.8\external" /I"C:\Cocos\frameworks\cocos2d-x-3.8\external\chipmunk\include\chipmunk" /I"C:\Cocos\frameworks\cocos2d-x-3.8\extensions" /I..\Classes /I.. /I"C:\Cocos\frameworks\cocos2d-x-3.8\cocos\2d\..\..\cocos\editor-support" /I"C:\Cocos\frameworks\cocos2d-x-3.8\cocos\2d\..\..\cocos" /I"C:\Cocos\frameworks\cocos2d-x-3.8\cocos\2d\..\..\cocos\platform" /I"C:\Cocos\frameworks\cocos2d-x-3.8\cocos\2d\..\..\cocos\platform\desktop" /I"C:\Cocos\frameworks\cocos2d-x-3.8\cocos\2d\..\..\external\glfw3\include\win32" /I"C:\Cocos\frameworks\cocos2d-x-3.8\cocos\2d\..\..\external\win32-specific\gles\include\OGLES" /I"C:\Cocos\frameworks\cocos2d-x-3.8\cocos\2d\..\..\external\freetype2\include\win32\freetype2" /I"C:\Cocos\frameworks\cocos2d-x-3.8\cocos\2d\..\..\external\freetype2\include\win32\\" /I"C:\Cocos\frameworks\cocos2d-x-3.8\cocos\2d\..\..\external" /ZI /nologo /W3 /WX- /MP /Od /Oy- /D WIN32 /D _WINDOWS /D _USE_MATH_DEFINES /D GL_GLEXT_PROTOTYPES /D CC_ENABLE_CHIPMUNK_INTEGRATION=1 /D COCOS2D_DEBUG=1 /D _CRT_SECURE_NO_WARNINGS /D _SCL_SECURE_NO_WARNINGS /D _VARIADIC_MAX=10 /D _USING_V110_SDK71_ /D _UNICODE /D UNICODE /Gm- /EHsc /RTC1 /MD /GS /fp:precise /Zc:wchar_t /Zc:forScope /Fo"Debug.win32\\" /Fd"Debug.win32\vc120.pdb" /Gd /TP /wd4267 /wd4251 /wd4244 /analyze- /errorReport:prompt ..\Classes\GameLayer.cpp
         GameLayer.cpp
     1>d:\homework\cocos\cocos\clickarrow\fingergame\classes\mainscene.h(11): warning C4996: 'cocos2d::ccp': 被声明为已否决
                 c:\cocos\frameworks\cocos2d-x-3.8\cocos\deprecated\ccdeprecated.h(49) : 参见“cocos2d::ccp”的声明
       PreLinkEvent:
         if not exist "D:\Homework\Cocos\Cocos\ClickArrow\FingerGame\proj.win32\Debug.win32\" mkdir "D:\Homework\Cocos\Cocos\ClickArrow\FingerGame\proj.win32\Debug.win32\"
         xcopy /Y /Q "C:\Cocos\frameworks\cocos2d-x-3.8\prebuilt\win32\*.*" "D:\Homework\Cocos\Cocos\ClickArrow\FingerGame\proj.win32\Debug.win32\"
         
         :VCEnd
         复制了 60 个文件
       Link:
         S:\Microsoft Visual Studio 12.0\VC\bin\link.exe /ERRORREPORT:PROMPT /OUT:"D:\Homework\Cocos\Cocos\ClickArrow\FingerGame\proj.win32\Debug.win32\FingerGame.exe" /INCREMENTAL /NOLOGO /LIBPATH:D:\Homework\Cocos\Cocos\ClickArrow\FingerGame\proj.win32\Debug.win32\ /LIBPATH:D:\Homework\Cocos\Cocos\ClickArrow\FingerGame\proj.win32\Debug.win32\ opengl32.lib glew32.lib libzlib.lib libwebp.lib libiconv.lib freetype.lib winmm.lib ws2_32.lib kernel32.lib user32.lib gdi32.lib winspool.lib comdlg32.lib advapi32.lib shell32.lib ole32.lib oleaut32.lib uuid.lib odbc32.lib odbccp32.lib /MANIFEST /MANIFESTUAC:"level='asInvoker' uiAccess='false'" /manifest:embed /DEBUG /PDB:"D:\Homework\Cocos\Cocos\ClickArrow\FingerGame\proj.win32\Debug.win32\FingerGame.pdb" /SUBSYSTEM:WINDOWS,"5.01" /TLBID:1 /DYNAMICBASE /NXCOMPAT /IMPLIB:"D:\Homework\Cocos\Cocos\ClickArrow\FingerGame\proj.win32\Debug.win32\FingerGame.lib" /MACHINE:X86 /SAFESEH Debug.win32\game.res
         Debug.win32\AppDelegate.obj
         Debug.win32\ClickMe.obj
         Debug.win32\Different.obj
         Debug.win32\GameLayer.obj
         Debug.win32\MainScene.obj
         Debug.win32\SelectLayer.obj
         Debug.win32\Slide.obj
         Debug.win32\main.obj
         FingerGame.vcxproj -> D:\Homework\Cocos\Cocos\ClickArrow\FingerGame\proj.win32\Debug.win32\FingerGame.exe
       CustomBuildStep:
         if not exist "D:\Homework\Cocos\Cocos\ClickArrow\FingerGame\proj.win32\Debug.win32\" mkdir "D:\Homework\Cocos\Cocos\ClickArrow\FingerGame\proj.win32\Debug.win32\"
         xcopy "D:\Homework\Cocos\Cocos\ClickArrow\FingerGame\proj.win32\..\Resources" "D:\Homework\Cocos\Cocos\ClickArrow\FingerGame\proj.win32\Debug.win32\" /D /E /I /F /Y
               
         :VCEnd
         复制了 0 个文件
     1>已完成生成项目“D:\Homework\Cocos\Cocos\ClickArrow\FingerGame\proj.win32\FingerGame.vcxproj”(Build 个目标)的操作。

生成成功。

已用时间 00:00:07.92
